<?xml version="1.0" encoding="UTF-8"?>
<!-- Generated by org.testng.reporters.JUnitXMLReporter -->
<testsuite hostname="Trollet" name="Default test" tests="3" failures="0" timestamp="15 Apr 2014 10:29:26 GMT" time="126.921" errors="0">
  <testcase name="InValidUser" time="33.761" classname="com.AutotestSpotify.TestSpotify"/>
  <testcase name="LoginValidUser" time="44.042" classname="com.AutotestSpotify.TestSpotify"/>
  <testcase name="SearchTrack" time="49.075" classname="com.AutotestSpotify.TestSpotify"/>
</testsuite> <!-- Default test -->
